{
  "stats": {
    "suites": 1,
    "tests": 1,
    "passes": 1,
    "pending": 0,
    "failures": 0,
    "start": "2023-12-29T11:55:03.221Z",
    "end": "2023-12-29T11:55:15.383Z",
    "duration": 12162,
    "testsRegistered": 1,
    "passPercent": 100,
    "pendingPercent": 0,
    "other": 0,
    "hasOther": false,
    "skipped": 0,
    "hasSkipped": false
  },
  "results": [
    {
      "uuid": "d1f72207-aca0-4ae4-8ce7-944ad8deffe1",
      "title": "",
      "fullFile": "cypress\\integration\\GreenKart\\Test2.js",
      "file": "cypress\\integration\\GreenKart\\Test2.js",
      "beforeHooks": [],
      "afterHooks": [],
      "tests": [],
      "suites": [
        {
          "uuid": "8b0a17fa-a123-4b95-bd7c-e77a25da1cdd",
          "title": "My 2-nd Test Suite",
          "fullFile": "",
          "file": "",
          "beforeHooks": [],
          "afterHooks": [],
          "tests": [
            {
              "title": "My 1-st test case",
              "fullTitle": "My 2-nd Test Suite My 1-st test case",
              "timedOut": null,
              "duration": 9682,
              "state": "passed",
              "speed": "medium",
              "pass": true,
              "fail": false,
              "pending": false,
              "context": null,
              "code": "cy.visit(\"https://rahulshettyacademy.com/seleniumPractise/#/\");\ncy.get('.search-keyword').type('ca');\ncy.wait(4000);\n// get items \".product:visible\" on the opened page\ncy.get('.products').find('.product').each(function ($el, index, $list) {\n  var textVeg = $el.find('h4.product-name').text();\n  if (textVeg.includes('Cashews')) {\n    cy.wrap($el).find('button').click(); //$e1.contains('ADD TO CART').click()\n  }\n});\ncy.get('.cart-icon > img').click();\ncy.contains('PROCEED TO CHECKOUT').click();\n//cy.get('button').click()\ncy.get('.cart-preview > .action-block > button');\ncy.contains('Place Order').click();",
              "err": {},
              "uuid": "2024ee4b-b9e5-46cf-b7ad-b8b7e3a01f6f",
              "parentUUID": "8b0a17fa-a123-4b95-bd7c-e77a25da1cdd",
              "isHook": false,
              "skipped": false
            }
          ],
          "suites": [],
          "passes": [
            "2024ee4b-b9e5-46cf-b7ad-b8b7e3a01f6f"
          ],
          "failures": [],
          "pending": [],
          "skipped": [],
          "duration": 9682,
          "root": false,
          "rootEmpty": false,
          "_timeout": 2000
        }
      ],
      "passes": [],
      "failures": [],
      "pending": [],
      "skipped": [],
      "duration": 0,
      "root": true,
      "rootEmpty": true,
      "_timeout": 2000
    }
  ],
  "meta": {
    "mocha": {
      "version": "7.0.1"
    },
    "mochawesome": {
      "options": {
        "quiet": false,
        "reportFilename": "mochawesome",
        "saveHtml": true,
        "saveJson": true,
        "consoleReporter": "spec",
        "useInlineDiffs": false,
        "code": true
      },
      "version": "7.1.3"
    },
    "marge": {
      "options": null,
      "version": "6.2.0"
    }
  }
}